<?xml version="1.0" encoding="UTF-8"?>
<!-- Generated by org.testng.reporters.JUnitXMLReporter -->
<testsuite ignored="0" hostname="LAPTOP-AFSAN" failures="0" tests="5" name="Techfios Test Cases" time="35.901" errors="0" timestamp="13 Mar 2019 05:55:01 GMT">
  <testcase classname="com.TestCases.LoginPageTest" name="VerifyLogoofthePage" time="0.044"/>
  <testcase classname="com.TestCases.LoginPageTest" name="VerifyTitleofThePage" time="0.014"/>
  <testcase classname="com.TestCases.LoginPageTest" name="VerifyLoginPage" time="2.347"/>
  <testcase classname="com.TestCases.LoginPageTest" name="VerifyErrorMessage" time="1.333"/>
  <testcase classname="com.TestCases.LoginPageTest" name="VerifyHomePage" time="2.212"/>
</testsuite> <!-- Techfios Test Cases -->
